  Algorithms.cpp
C:\Users\wikto\Desktop\root\pwr\pea\3\travelling-salesman\travelling-salesman\Algorithms.cpp(15,16): warning C4244: 'initializing': conversion from '_Rep' to 'unsigned int', possible loss of data
          with
          [
              _Rep=std::chrono::system_clock::rep
          ]
C:\Users\wikto\Desktop\root\pwr\pea\3\travelling-salesman\travelling-salesman\Algorithms.cpp(92,29): warning C4244: '=': conversion from 'int' to '_Ty', possible loss of data
          with
          [
              _Ty=float
          ]
C:\Users\wikto\Desktop\root\pwr\pea\3\travelling-salesman\travelling-salesman\Algorithms.cpp(195,18): warning C4244: 'initializing': conversion from '_Rep' to 'unsigned int', possible loss of data
          with
          [
              _Rep=std::chrono::system_clock::rep
          ]
C:\Users\wikto\Desktop\root\pwr\pea\3\travelling-salesman\travelling-salesman\Algorithms.cpp(267,18): warning C4244: '+=': conversion from 'double' to 'unsigned __int64', possible loss of data
  Generating code
  2 of 614 functions ( 0.3%) were compiled, the rest were copied from previous compilation.
    0 functions were new in current compilation
    11 functions had inline decision re-evaluated but remain unchanged
  Finished generating code
  travelling-salesman.vcxproj -> C:\Users\wikto\Desktop\root\pwr\pea\3\travelling-salesman\x64\Release\travelling-salesman.exe
